TN:
SF:src/entity.js
FN:14,Package
FN:21,print
FN:25,isPicked
FN:29,getEstimatedTime
FN:33,updateDeliveryCost
FN:37,updateDiscount
FN:41,updateTotalDeliveryCost
FN:45,toString
FN:66,Offer
FN:79,parseDistExpr
FN:86,parseWeightExpr
FN:93,print
FN:105,Vehicle
FN:113,isAvailable
FN:117,print
FN:128,Settings
FN:141,Shipment
FNF:17
FNH:7
FNDA:3,Package
FNDA:0,print
FNDA:0,isPicked
FNDA:0,getEstimatedTime
FNDA:0,updateDeliveryCost
FNDA:0,updateDiscount
FNDA:0,updateTotalDeliveryCost
FNDA:0,toString
FNDA:1,Offer
FNDA:1,parseDistExpr
FNDA:1,parseWeightExpr
FNDA:0,print
FNDA:1,Vehicle
FNDA:0,isAvailable
FNDA:0,print
FNDA:1,Settings
FNDA:1,Shipment
DA:1,1
DA:2,1
DA:3,1
DA:4,1
DA:5,1
DA:6,1
DA:7,1
DA:8,1
DA:9,1
DA:10,1
DA:11,1
DA:12,1
DA:13,1
DA:14,1
DA:15,3
DA:16,3
DA:17,3
DA:18,3
DA:19,3
DA:20,1
DA:21,1
DA:22,0
DA:23,0
DA:24,1
DA:25,1
DA:26,0
DA:27,0
DA:28,1
DA:29,1
DA:30,0
DA:31,0
DA:32,1
DA:33,1
DA:34,0
DA:35,0
DA:36,1
DA:37,1
DA:38,0
DA:39,0
DA:40,1
DA:41,1
DA:42,0
DA:43,0
DA:44,1
DA:45,1
DA:46,0
DA:47,0
DA:48,0
DA:49,0
DA:50,0
DA:51,0
DA:52,0
DA:53,0
DA:54,0
DA:55,0
DA:56,1
DA:57,1
DA:58,1
DA:59,1
DA:60,1
DA:61,1
DA:62,1
DA:63,1
DA:64,1
DA:65,1
DA:66,1
DA:67,1
DA:68,1
DA:69,1
DA:70,1
DA:71,1
DA:72,0
DA:73,0
DA:74,1
DA:75,0
DA:76,0
DA:77,1
DA:78,1
DA:79,1
DA:80,1
DA:81,1
DA:82,1
DA:83,1
DA:84,1
DA:85,1
DA:86,1
DA:87,1
DA:88,1
DA:89,1
DA:90,1
DA:91,1
DA:92,1
DA:93,1
DA:94,0
DA:95,0
DA:96,1
DA:97,1
DA:98,1
DA:99,1
DA:100,1
DA:101,1
DA:102,1
DA:103,1
DA:104,1
DA:105,1
DA:106,1
DA:107,1
DA:108,1
DA:109,1
DA:110,1
DA:111,1
DA:112,1
DA:113,1
DA:114,0
DA:115,0
DA:116,1
DA:117,1
DA:118,0
DA:119,0
DA:120,1
DA:121,1
DA:122,1
DA:123,1
DA:124,1
DA:125,1
DA:126,1
DA:127,1
DA:128,1
DA:129,1
DA:130,1
DA:131,1
DA:132,1
DA:133,1
DA:134,1
DA:135,1
DA:136,1
DA:137,1
DA:138,1
DA:139,1
DA:140,1
DA:141,1
DA:142,1
DA:143,1
DA:144,1
DA:145,1
DA:146,1
DA:147,1
DA:148,1
DA:149,1
DA:150,1
DA:151,1
DA:152,1
DA:153,1
DA:154,1
LF:154
LH:122
BRDA:14,0,0,3
BRDA:66,1,0,1
BRDA:71,2,0,0
BRDA:74,3,0,0
BRDA:79,4,0,1
BRDA:81,5,0,0
BRDA:82,6,0,0
BRDA:86,7,0,1
BRDA:88,8,0,0
BRDA:89,9,0,0
BRDA:105,10,0,1
BRDA:128,11,0,1
BRDA:141,12,0,1
BRF:13
BRH:7
end_of_record
TN:
SF:src/queue.js
FN:3,Queue
FN:7,enqueue
FN:11,dequeue
FN:17,front
FN:23,isEmpty
FN:27,printQueue
FNF:6
FNH:2
FNDA:3,Queue
FNDA:6,enqueue
FNDA:0,dequeue
FNDA:0,front
FNDA:0,isEmpty
FNDA:0,printQueue
DA:1,1
DA:2,1
DA:3,1
DA:4,3
DA:5,3
DA:6,1
DA:7,1
DA:8,6
DA:9,6
DA:10,1
DA:11,1
DA:12,0
DA:13,0
DA:14,0
DA:15,0
DA:16,1
DA:17,1
DA:18,0
DA:19,0
DA:20,0
DA:21,0
DA:22,1
DA:23,1
DA:24,0
DA:25,0
DA:26,1
DA:27,1
DA:28,0
DA:29,0
DA:30,0
DA:31,0
DA:32,0
DA:33,1
DA:34,1
DA:35,1
LF:35
LH:20
BRDA:3,0,0,3
BRDA:7,1,0,6
BRF:2
BRH:2
end_of_record
TN:
SF:src/utils.js
FN:3,getKeyByValue
FN:8,toFixed
FN:11,prioritizeShipments
FN:26,findBestSubset
FN:49,findAllSubsets
FN:67,applyOffer
FN:87,getDeliveryCost
FN:92,getTotalDeliveryCost
FN:95,fetchOffer
FN:102,findEstimationTime
FN:105,getFirstAvailableVehicle
FN:111,findMaxTimePackage
FN:118,deliverPackages
FN:137,logOutput
FNF:14
FNH:1
FNDA:0,getKeyByValue
FNDA:1,toFixed
FNDA:0,prioritizeShipments
FNDA:0,findBestSubset
FNDA:0,findAllSubsets
FNDA:0,applyOffer
FNDA:0,getDeliveryCost
FNDA:0,getTotalDeliveryCost
FNDA:0,fetchOffer
FNDA:0,findEstimationTime
FNDA:0,getFirstAvailableVehicle
FNDA:0,findMaxTimePackage
FNDA:0,deliverPackages
FNDA:0,logOutput
DA:1,1
DA:2,1
DA:3,1
DA:4,0
DA:5,0
DA:6,0
DA:7,0
DA:8,1
DA:9,1
DA:10,1
DA:11,1
DA:12,0
DA:13,0
DA:14,0
DA:15,0
DA:16,0
DA:17,0
DA:18,0
DA:19,0
DA:20,0
DA:21,0
DA:22,0
DA:23,0
DA:24,0
DA:25,1
DA:26,1
DA:27,0
DA:28,0
DA:29,0
DA:30,0
DA:31,0
DA:32,0
DA:33,0
DA:34,0
DA:35,0
DA:36,0
DA:37,0
DA:38,0
DA:39,0
DA:40,0
DA:41,0
DA:42,0
DA:43,0
DA:44,0
DA:45,0
DA:46,0
DA:47,0
DA:48,0
DA:49,1
DA:50,0
DA:51,0
DA:52,0
DA:53,0
DA:54,0
DA:55,0
DA:56,0
DA:57,0
DA:58,0
DA:59,0
DA:60,0
DA:61,0
DA:62,0
DA:63,0
DA:64,0
DA:65,0
DA:66,0
DA:67,1
DA:68,0
DA:69,0
DA:70,0
DA:71,0
DA:72,0
DA:73,0
DA:74,0
DA:75,0
DA:76,0
DA:77,0
DA:78,0
DA:79,0
DA:80,0
DA:81,0
DA:82,0
DA:83,0
DA:84,0
DA:85,0
DA:86,0
DA:87,1
DA:88,0
DA:89,0
DA:90,0
DA:91,0
DA:92,1
DA:93,0
DA:94,0
DA:95,1
DA:96,0
DA:97,0
DA:98,0
DA:99,0
DA:100,0
DA:101,0
DA:102,1
DA:103,0
DA:104,0
DA:105,1
DA:106,0
DA:107,0
DA:108,0
DA:109,0
DA:110,0
DA:111,1
DA:112,0
DA:113,0
DA:114,0
DA:115,0
DA:116,0
DA:117,0
DA:118,1
DA:119,0
DA:120,0
DA:121,0
DA:122,0
DA:123,0
DA:124,0
DA:125,0
DA:126,0
DA:127,0
DA:128,0
DA:129,0
DA:130,0
DA:131,0
DA:132,0
DA:133,0
DA:134,0
DA:135,0
DA:136,1
DA:137,1
DA:138,0
DA:139,0
DA:140,0
DA:141,0
DA:142,0
DA:143,0
DA:144,0
DA:145,1
LF:145
LH:21
BRDA:8,0,0,1
BRF:1
BRH:1
end_of_record
